c:\users\braty\source\repos\tamagochi\tamagochi\debug\tamagochi.pch
c:\users\braty\source\repos\tamagochi\tamagochi\debug\vc142.pdb
c:\users\braty\source\repos\tamagochi\tamagochi\debug\vc142.idb
c:\users\braty\source\repos\tamagochi\tamagochi\debug\stdafx.obj
c:\users\braty\source\repos\tamagochi\tamagochi\debug\tamagochi.obj
c:\users\braty\source\repos\tamagochi\tamagochi\debug\creature.obj
c:\users\braty\source\repos\tamagochi\tamagochi\debug\controller.obj
c:\users\braty\source\repos\tamagochi\tamagochi\debug\consolecontroller.obj
c:\users\braty\source\repos\tamagochi\tamagochi\debug\cat.obj
c:\users\braty\source\repos\tamagochi\tamagochi\debug\game.obj
c:\users\braty\source\repos\tamagochi\tamagochi\debug\tamagochi.ilk
c:\users\braty\source\repos\tamagochi\tamagochi\debug\vc140.idb
c:\users\braty\source\repos\tamagochi\tamagochi\debug\tamagochi.pdb
c:\users\braty\source\repos\tamagochi\tamagochi\debug\vc140.pdb
c:\users\braty\source\repos\tamagochi\debug\tamagochi.pdb
c:\users\braty\source\repos\tamagochi\tamagochi\debug\tamagochi.tlog\cl.command.1.tlog
c:\users\braty\source\repos\tamagochi\tamagochi\debug\tamagochi.tlog\cl.read.1.tlog
c:\users\braty\source\repos\tamagochi\tamagochi\debug\tamagochi.tlog\cl.write.1.tlog
c:\users\braty\source\repos\tamagochi\tamagochi\debug\tamagochi.tlog\link.21636-cvtres.read.1.tlog
c:\users\braty\source\repos\tamagochi\tamagochi\debug\tamagochi.tlog\link.21636-cvtres.write.1.tlog
c:\users\braty\source\repos\tamagochi\tamagochi\debug\tamagochi.tlog\link.21636-rc.read.1.tlog
c:\users\braty\source\repos\tamagochi\tamagochi\debug\tamagochi.tlog\link.21636-rc.write.1.tlog
c:\users\braty\source\repos\tamagochi\tamagochi\debug\tamagochi.tlog\link.21636.delete.1.tlog
c:\users\braty\source\repos\tamagochi\tamagochi\debug\tamagochi.tlog\link.21636.read.1.tlog
c:\users\braty\source\repos\tamagochi\tamagochi\debug\tamagochi.tlog\link.21636.write.1.tlog
c:\users\braty\source\repos\tamagochi\tamagochi\debug\tamagochi.tlog\link.23788.delete.1.tlog
c:\users\braty\source\repos\tamagochi\tamagochi\debug\tamagochi.tlog\link.command.1.tlog
c:\users\braty\source\repos\tamagochi\tamagochi\debug\tamagochi.tlog\link.delete.1.tlog
c:\users\braty\source\repos\tamagochi\tamagochi\debug\tamagochi.tlog\link.read.1.tlog
c:\users\braty\source\repos\tamagochi\tamagochi\debug\tamagochi.tlog\link.write.1.tlog
